2019-02-24 10:59:58,747 INFO  [main] action.CubeAction (CubeAction.java:74) - Side of cube was calculated.
2019-02-24 10:59:58,781 INFO  [main] action.CubeAction (CubeAction.java:51) - Square of cube was calculated.
2019-02-24 10:59:58,815 INFO  [main] action.CubeAction (CubeAction.java:74) - Side of cube was calculated.
2019-02-24 10:59:58,817 INFO  [main] action.CubeAction (CubeAction.java:51) - Square of cube was calculated.
2019-02-24 10:59:58,826 INFO  [main] action.CubeAction (CubeAction.java:74) - Side of cube was calculated.
2019-02-24 10:59:58,835 INFO  [main] action.CubeAction (CubeAction.java:51) - Square of cube was calculated.
2019-02-24 10:59:58,882 INFO  [main] action.CubeAction (CubeAction.java:74) - Side of cube was calculated.
2019-02-24 10:59:58,910 INFO  [main] action.CubeAction (CubeAction.java:51) - Square of cube was calculated.
2019-02-24 10:59:58,927 INFO  [main] action.CubeAction (CubeAction.java:74) - Side of cube was calculated.
2019-02-24 10:59:58,938 INFO  [main] action.CubeAction (CubeAction.java:61) - Volume of cube was calculated.
2019-02-24 10:59:58,943 INFO  [main] action.CubeAction (CubeAction.java:74) - Side of cube was calculated.
2019-02-24 10:59:58,943 INFO  [main] action.CubeAction (CubeAction.java:61) - Volume of cube was calculated.
2019-02-24 10:59:58,949 INFO  [main] action.CubeAction (CubeAction.java:74) - Side of cube was calculated.
2019-02-24 10:59:58,956 INFO  [main] action.CubeAction (CubeAction.java:89) - Segment volume of cube was calculated.
2019-02-24 10:59:58,974 INFO  [main] action.CubeAction (CubeAction.java:152) - Ration of segments of cube was calculated.
2019-02-24 10:59:58,985 INFO  [main] action.CubeAction (CubeAction.java:61) - Volume of cube was calculated.
2019-02-24 10:59:59,002 INFO  [main] action.CubeAction (CubeAction.java:74) - Side of cube was calculated.
2019-02-24 10:59:59,092 INFO  [main] action.CubeAction (CubeAction.java:74) - Side of cube was calculated.
2019-02-24 10:59:59,098 INFO  [main] action.CubeAction (CubeAction.java:61) - Volume of cube was calculated.
2019-02-24 10:59:59,106 INFO  [main] action.CubeAction (CubeAction.java:51) - Square of cube was calculated.
2019-02-24 10:59:59,109 INFO  [main] action.CubeAction (CubeAction.java:74) - Side of cube was calculated.
2019-02-24 10:59:59,125 INFO  [main] action.CubeAction (CubeAction.java:61) - Volume of cube was calculated.
2019-02-24 10:59:59,126 INFO  [main] action.CubeAction (CubeAction.java:51) - Square of cube was calculated.
2019-02-24 10:59:59,130 INFO  [main] action.CubeAction (CubeAction.java:74) - Side of cube was calculated.
2019-02-24 10:59:59,131 INFO  [main] action.CubeAction (CubeAction.java:61) - Volume of cube was calculated.
2019-02-24 10:59:59,132 INFO  [main] action.CubeAction (CubeAction.java:51) - Square of cube was calculated.
2019-02-24 10:59:59,281 INFO  [main] action.CubeAction (CubeAction.java:74) - Side of cube was calculated.
2019-02-24 10:59:59,283 INFO  [main] action.CubeAction (CubeAction.java:51) - Square of cube was calculated.
2019-02-24 10:59:59,285 INFO  [main] action.CubeAction (CubeAction.java:61) - Volume of cube was calculated.
