2019-02-25 21:32:30,946 INFO  [main] action.CubeAction (CubeAction.java:74) - Side of cube was calculated.
2019-02-25 21:32:31,008 INFO  [main] action.CubeAction (CubeAction.java:74) - Side of cube was calculated.
2019-02-25 21:32:31,009 INFO  [main] action.CubeAction (CubeAction.java:74) - Side of cube was calculated.
2019-02-25 21:32:31,010 INFO  [main] action.CubeAction (CubeAction.java:74) - Side of cube was calculated.
2019-02-25 21:32:31,039 INFO  [main] action.CubeAction (CubeAction.java:74) - Side of cube was calculated.
2019-02-25 21:32:31,040 INFO  [main] action.CubeAction (CubeAction.java:51) - Square of cube was calculated.
2019-02-25 21:32:31,048 INFO  [main] action.CubeAction (CubeAction.java:74) - Side of cube was calculated.
2019-02-25 21:32:31,050 INFO  [main] action.CubeAction (CubeAction.java:51) - Square of cube was calculated.
2019-02-25 21:32:31,054 INFO  [main] action.CubeAction (CubeAction.java:74) - Side of cube was calculated.
2019-02-25 21:32:31,056 INFO  [main] action.CubeAction (CubeAction.java:51) - Square of cube was calculated.
2019-02-25 21:32:31,095 INFO  [main] action.CubeAction (CubeAction.java:74) - Side of cube was calculated.
2019-02-25 21:32:31,097 INFO  [main] action.CubeAction (CubeAction.java:51) - Square of cube was calculated.
2019-02-25 21:32:31,103 INFO  [main] action.CubeAction (CubeAction.java:74) - Side of cube was calculated.
2019-02-25 21:32:31,104 INFO  [main] action.CubeAction (CubeAction.java:61) - Volume of cube was calculated.
2019-02-25 21:32:31,107 INFO  [main] action.CubeAction (CubeAction.java:74) - Side of cube was calculated.
2019-02-25 21:32:31,109 INFO  [main] action.CubeAction (CubeAction.java:61) - Volume of cube was calculated.
2019-02-25 21:32:31,113 INFO  [main] action.CubeAction (CubeAction.java:74) - Side of cube was calculated.
2019-02-25 21:32:31,117 INFO  [main] action.CubeAction (CubeAction.java:89) - Segment volume of cube was calculated.
2019-02-25 21:32:31,118 INFO  [main] action.CubeAction (CubeAction.java:152) - Ration of segments of cube was calculated.
2019-02-25 21:32:31,118 INFO  [main] action.CubeAction (CubeAction.java:61) - Volume of cube was calculated.
2019-02-25 21:32:31,121 INFO  [main] action.CubeAction (CubeAction.java:74) - Side of cube was calculated.
2019-02-25 21:32:31,144 INFO  [main] action.CubeAction (CubeAction.java:74) - Side of cube was calculated.
2019-02-25 21:32:31,145 INFO  [main] action.CubeAction (CubeAction.java:74) - Side of cube was calculated.
2019-02-25 21:32:31,146 INFO  [main] action.CubeAction (CubeAction.java:74) - Side of cube was calculated.
2019-02-25 21:32:31,146 INFO  [main] action.CubeAction (CubeAction.java:74) - Side of cube was calculated.
2019-02-25 21:32:31,148 INFO  [main] action.CubeAction (CubeAction.java:74) - Side of cube was calculated.
2019-02-25 21:32:31,151 INFO  [main] action.CubeAction (CubeAction.java:74) - Side of cube was calculated.
2019-02-25 21:32:31,156 INFO  [main] action.CubeAction (CubeAction.java:74) - Side of cube was calculated.
2019-02-25 21:32:31,158 INFO  [main] action.CubeAction (CubeAction.java:61) - Volume of cube was calculated.
2019-02-25 21:32:31,158 INFO  [main] action.CubeAction (CubeAction.java:51) - Square of cube was calculated.
2019-02-25 21:32:31,159 INFO  [main] action.CubeAction (CubeAction.java:74) - Side of cube was calculated.
2019-02-25 21:32:31,160 INFO  [main] action.CubeAction (CubeAction.java:61) - Volume of cube was calculated.
2019-02-25 21:32:31,160 INFO  [main] action.CubeAction (CubeAction.java:51) - Square of cube was calculated.
2019-02-25 21:32:31,160 INFO  [main] action.CubeAction (CubeAction.java:74) - Side of cube was calculated.
2019-02-25 21:32:31,161 INFO  [main] action.CubeAction (CubeAction.java:61) - Volume of cube was calculated.
2019-02-25 21:32:31,162 INFO  [main] action.CubeAction (CubeAction.java:51) - Square of cube was calculated.
2019-02-25 21:32:31,220 INFO  [main] action.CubeAction (CubeAction.java:74) - Side of cube was calculated.
2019-02-25 21:32:31,221 INFO  [main] action.CubeAction (CubeAction.java:51) - Square of cube was calculated.
2019-02-25 21:32:31,222 INFO  [main] action.CubeAction (CubeAction.java:61) - Volume of cube was calculated.
